<?xml version="1.0" encoding="UTF-8"?>
<!-- Generated by org.testng.reporters.JUnitXMLReporter -->
<testsuite hostname="DLI10-IT-DHRM" name="Test" tests="4" failures="0" timestamp="24 Apr 2020 11:35:14 GMT" time="849.133" errors="0">
  <testcase name="hybridTestAutomation" time="50.747" classname="com.safexp.MDM.automation.testcases.Usermanagement.UsercreationTest"/>
  <testcase name="hybridTestAutomation" time="241.326" classname="com.safexp.MDM.automation.testcases.Usermanagement.UsercreationTest"/>
  <testcase name="hybridTestAutomation" time="369.08" classname="com.safexp.MDM.automation.testcases.Usermanagement.UsercreationTest"/>
  <testcase name="hybridTestAutomation" time="43.632" classname="com.safexp.MDM.automation.testcases.Usermanagement.UsercreationTest"/>
</testsuite> <!-- Test -->
