<?xml version="1.0" encoding="UTF-8"?>
<testng-results skipped="0" failed="2" total="4" passed="2">
  <reporter-output>
  </reporter-output>
  <suite name="Suite1" duration-ms="6861" started-at="2020-04-28T12:30:35Z" finished-at="2020-04-28T12:30:42Z">
    <groups>
    </groups>
    <test name="Test1" duration-ms="6861" started-at="2020-04-28T12:30:35Z" finished-at="2020-04-28T12:30:42Z">
      <class name="com.safexpress.MDM.API_Automation.testcases.APITestUsermanagement">
        <test-method status="PASS" signature="Init()[pri:0, instance:com.safexpress.MDM.API_Automation.testcases.APITestUsermanagement@29f69090]" name="Init" is-config="true" duration-ms="175" started-at="2020-04-28T18:00:35Z" finished-at="2020-04-28T18:00:36Z">
          <reporter-output>
          </reporter-output>
        </test-method> <!-- Init -->
        <test-method status="PASS" signature="hybridTestAutomation(java.lang.String, java.lang.String, java.lang.String, java.lang.String)[pri:0, instance:com.safexpress.MDM.API_Automation.testcases.APITestUsermanagement@29f69090]" name="hybridTestAutomation" duration-ms="3414" started-at="2020-04-28T18:00:36Z" data-provider="apidataprovider" finished-at="2020-04-28T18:00:39Z">
          <params>
            <param index="0">
              <value>
                <![CDATA[TC03]]>
              </value>
            </param>
            <param index="1">
              <value>
                <![CDATA[GetAccessTokenInCookie]]>
              </value>
            </param>
            <param index="2">
              <value>
                <![CDATA[Usermanagement_BFF]]>
              </value>
            </param>
            <param index="3">
              <value>
                <![CDATA[Authentication_Authorization]]>
              </value>
            </param>
          </params>
          <reporter-output>
          </reporter-output>
        </test-method> <!-- hybridTestAutomation -->
        <test-method status="FAIL" signature="hybridTestAutomation(java.lang.String, java.lang.String, java.lang.String, java.lang.String)[pri:0, instance:com.safexpress.MDM.API_Automation.testcases.APITestUsermanagement@29f69090]" name="hybridTestAutomation" duration-ms="1391" started-at="2020-04-28T18:00:39Z" data-provider="apidataprovider" finished-at="2020-04-28T18:00:41Z">
          <params>
            <param index="0">
              <value>
                <![CDATA[TC01]]>
              </value>
            </param>
            <param index="1">
              <value>
                <![CDATA[ObjectListDetails]]>
              </value>
            </param>
            <param index="2">
              <value>
                <![CDATA[Usermanagement_BFF]]>
              </value>
            </param>
            <param index="3">
              <value>
                <![CDATA[Object_Operation_Service]]>
              </value>
            </param>
          </params>
          <exception class="com.google.common.base.VerifyException">
            <full-stacktrace>
              <![CDATA[com.google.common.base.VerifyException
	at com.google.common.base.Verify.verify(Verify.java:100)
	at com.safexpress.MDM.API_Automation.managerClass.APIFrameworkDriver.automateAPITestcase(APIFrameworkDriver.java:1335)
	at com.safexpress.MDM.API_Automation.testcases.APITestUsermanagement.hybridTestAutomation(APITestUsermanagement.java:36)
	at sun.reflect.NativeMethodAccessorImpl.invoke0(Native Method)
	at sun.reflect.NativeMethodAccessorImpl.invoke(NativeMethodAccessorImpl.java:62)
	at sun.reflect.DelegatingMethodAccessorImpl.invoke(DelegatingMethodAccessorImpl.java:43)
	at java.lang.reflect.Method.invoke(Method.java:498)
	at org.testng.internal.MethodInvocationHelper.invokeMethod(MethodInvocationHelper.java:80)
	at org.testng.internal.Invoker.invokeMethod(Invoker.java:715)
	at org.testng.internal.Invoker.invokeTestMethod(Invoker.java:907)
	at org.testng.internal.Invoker.invokeTestMethods(Invoker.java:1237)
	at org.testng.internal.TestMethodWorker.invokeTestMethods(TestMethodWorker.java:127)
	at org.testng.internal.TestMethodWorker.run(TestMethodWorker.java:111)
	at org.testng.TestRunner.privateRun(TestRunner.java:767)
	at org.testng.TestRunner.run(TestRunner.java:617)
	at org.testng.SuiteRunner.runTest(SuiteRunner.java:334)
	at org.testng.SuiteRunner.runSequentially(SuiteRunner.java:329)
	at org.testng.SuiteRunner.privateRun(SuiteRunner.java:291)
	at org.testng.SuiteRunner.run(SuiteRunner.java:240)
	at org.testng.SuiteRunnerWorker.runSuite(SuiteRunnerWorker.java:51)
	at org.testng.SuiteRunnerWorker.run(SuiteRunnerWorker.java:85)
	at org.testng.TestNG.runSuitesSequentially(TestNG.java:1197)
	at org.testng.TestNG.runSuitesLocally(TestNG.java:1122)
	at org.testng.TestNG.run(TestNG.java:1030)
	at org.testng.remote.AbstractRemoteTestNG.run(AbstractRemoteTestNG.java:115)
	at org.testng.remote.RemoteTestNG.initAndRun(RemoteTestNG.java:251)
	at org.testng.remote.RemoteTestNG.main(RemoteTestNG.java:77)
]]>
            </full-stacktrace>
          </exception> <!-- com.google.common.base.VerifyException -->
          <reporter-output>
          </reporter-output>
        </test-method> <!-- hybridTestAutomation -->
        <test-method status="PASS" signature="hybridTestAutomation(java.lang.String, java.lang.String, java.lang.String, java.lang.String)[pri:0, instance:com.safexpress.MDM.API_Automation.testcases.APITestUsermanagement@29f69090]" name="hybridTestAutomation" duration-ms="933" started-at="2020-04-28T18:00:41Z" data-provider="apidataprovider" finished-at="2020-04-28T18:00:42Z">
          <params>
            <param index="0">
              <value>
                <![CDATA[TC02]]>
              </value>
            </param>
            <param index="1">
              <value>
                <![CDATA[GetLast_n_UpdatedObjectDetails]]>
              </value>
            </param>
            <param index="2">
              <value>
                <![CDATA[Usermanagement_BFF]]>
              </value>
            </param>
            <param index="3">
              <value>
                <![CDATA[Object_Operation_Service]]>
              </value>
            </param>
          </params>
          <reporter-output>
          </reporter-output>
        </test-method> <!-- hybridTestAutomation -->
        <test-method status="FAIL" signature="hybridTestAutomation(java.lang.String, java.lang.String, java.lang.String, java.lang.String)[pri:0, instance:com.safexpress.MDM.API_Automation.testcases.APITestUsermanagement@29f69090]" name="hybridTestAutomation" duration-ms="560" started-at="2020-04-28T18:00:42Z" data-provider="apidataprovider" finished-at="2020-04-28T18:00:42Z">
          <params>
            <param index="0">
              <value>
                <![CDATA[TC03]]>
              </value>
            </param>
            <param index="1">
              <value>
                <![CDATA[GetAllObjectsNamesMatchingWildSearchCharacters]]>
              </value>
            </param>
            <param index="2">
              <value>
                <![CDATA[Usermanagement_BFF]]>
              </value>
            </param>
            <param index="3">
              <value>
                <![CDATA[Object_Operation_Service]]>
              </value>
            </param>
          </params>
          <exception class="com.google.common.base.VerifyException">
            <full-stacktrace>
              <![CDATA[com.google.common.base.VerifyException
	at com.google.common.base.Verify.verify(Verify.java:100)
	at com.safexpress.MDM.API_Automation.managerClass.APIFrameworkDriver.automateAPITestcase(APIFrameworkDriver.java:1335)
	at com.safexpress.MDM.API_Automation.testcases.APITestUsermanagement.hybridTestAutomation(APITestUsermanagement.java:36)
	at sun.reflect.NativeMethodAccessorImpl.invoke0(Native Method)
	at sun.reflect.NativeMethodAccessorImpl.invoke(NativeMethodAccessorImpl.java:62)
	at sun.reflect.DelegatingMethodAccessorImpl.invoke(DelegatingMethodAccessorImpl.java:43)
	at java.lang.reflect.Method.invoke(Method.java:498)
	at org.testng.internal.MethodInvocationHelper.invokeMethod(MethodInvocationHelper.java:80)
	at org.testng.internal.Invoker.invokeMethod(Invoker.java:715)
	at org.testng.internal.Invoker.invokeTestMethod(Invoker.java:907)
	at org.testng.internal.Invoker.invokeTestMethods(Invoker.java:1237)
	at org.testng.internal.TestMethodWorker.invokeTestMethods(TestMethodWorker.java:127)
	at org.testng.internal.TestMethodWorker.run(TestMethodWorker.java:111)
	at org.testng.TestRunner.privateRun(TestRunner.java:767)
	at org.testng.TestRunner.run(TestRunner.java:617)
	at org.testng.SuiteRunner.runTest(SuiteRunner.java:334)
	at org.testng.SuiteRunner.runSequentially(SuiteRunner.java:329)
	at org.testng.SuiteRunner.privateRun(SuiteRunner.java:291)
	at org.testng.SuiteRunner.run(SuiteRunner.java:240)
	at org.testng.SuiteRunnerWorker.runSuite(SuiteRunnerWorker.java:51)
	at org.testng.SuiteRunnerWorker.run(SuiteRunnerWorker.java:85)
	at org.testng.TestNG.runSuitesSequentially(TestNG.java:1197)
	at org.testng.TestNG.runSuitesLocally(TestNG.java:1122)
	at org.testng.TestNG.run(TestNG.java:1030)
	at org.testng.remote.AbstractRemoteTestNG.run(AbstractRemoteTestNG.java:115)
	at org.testng.remote.RemoteTestNG.initAndRun(RemoteTestNG.java:251)
	at org.testng.remote.RemoteTestNG.main(RemoteTestNG.java:77)
]]>
            </full-stacktrace>
          </exception> <!-- com.google.common.base.VerifyException -->
          <reporter-output>
          </reporter-output>
        </test-method> <!-- hybridTestAutomation -->
        <test-method status="PASS" signature="zipReport()[pri:0, instance:com.safexpress.MDM.API_Automation.testcases.APITestUsermanagement@29f69090]" name="zipReport" is-config="true" duration-ms="32" started-at="2020-04-28T18:00:42Z" finished-at="2020-04-28T18:00:42Z">
          <reporter-output>
          </reporter-output>
        </test-method> <!-- zipReport -->
      </class> <!-- com.safexpress.MDM.API_Automation.testcases.APITestUsermanagement -->
    </test> <!-- Test1 -->
  </suite> <!-- Suite1 -->
</testng-results>
