<?xml version="1.0" encoding="UTF-8"?>
<!-- Generated by org.testng.reporters.JUnitXMLReporter -->
<testsuite hostname="DLI10-IT-DHRM" name="test1" tests="1" failures="1" timestamp="24 Mar 2020 08:34:59 GMT" time="0.778" errors="0">
  <testcase name="TestCase" time="0.196" classname="com.safexpress.MDM.API_Automation.testcases.UsermanagementAPITest">
    <failure type="java.lang.NullPointerException">
      <![CDATA[java.lang.NullPointerException
	at com.safexpress.MDM.API_Automation.testcases.UsermanagementAPITest.TestCase(UsermanagementAPITest.java:53)
... Removed 24 stack frames]]>
    </failure>
  </testcase> <!-- TestCase -->
</testsuite> <!-- test1 -->
