<?xml version="1.0" encoding="UTF-8"?>
<!-- Generated by org.testng.reporters.JUnitXMLReporter -->
<testsuite hostname="DLI10-IT-DHRM" name="Default test" tests="2" failures="0" timestamp="24 Mar 2020 08:49:20 GMT" time="5.638" errors="0">
  <testcase name="hybridTestAutomation" time="3.952" classname="com.safexpress.MDM.API_Automation.testcases.APITestUsermanagement"/>
  <testcase name="hybridTestAutomation" time="0.972" classname="com.safexpress.MDM.API_Automation.testcases.APITestUsermanagement"/>
</testsuite> <!-- Default test -->
